# JRE version: OpenJDK Runtime Environment (8.0_302-b08) (build 1.8.0_302-b08)
# Java VM: OpenJDK 64-Bit Server VM (25.302-b08 mixed mode windows-amd64 compressed oops)
Heap:
 PSYoungGen      total 305664K, used 51533K [0x00000000eab00000, 0x0000000100000000, 0x0000000100000000)
  eden space 262144K, 3% used [0x00000000eab00000,0x00000000eb3f3aa8,0x00000000fab00000)
  from space 43520K, 97% used [0x00000000fab00000,0x00000000fd45fc30,0x00000000fd580000)
  to   space 43520K, 0% used [0x00000000fd580000,0x00000000fd580000,0x0000000100000000)
 ParOldGen       total 699392K, used 8918K [0x00000000c0000000, 0x00000000eab00000, 0x00000000eab00000)
  object space 699392K, 1% used [0x00000000c0000000,0x00000000c08b59b8,0x00000000eab00000)
 Metaspace       used 32856K, capacity 33089K, committed 33536K, reserved 1079296K
  class space    used 4155K, capacity 4229K, committed 4352K, reserved 1048576K
GC Heap History (6 events):
Event: 4.619 GC heap before
{Heap before GC invocations=1 (full 0):
 PSYoungGen      total 305664K, used 184098K [0x00000000eab00000, 0x0000000100000000, 0x0000000100000000)
  eden space 262144K, 70% used [0x00000000eab00000,0x00000000f5ec8a90,0x00000000fab00000)
  from space 43520K, 0% used [0x00000000fd580000,0x00000000fd580000,0x0000000100000000)
  to   space 43520K, 0% used [0x00000000fab00000,0x00000000fab00000,0x00000000fd580000)
 ParOldGen       total 699392K, used 0K [0x00000000c0000000, 0x00000000eab00000, 0x00000000eab00000)
  object space 699392K, 0% used [0x00000000c0000000,0x00000000c0000000,0x00000000eab00000)
 Metaspace       used 21124K, capacity 21220K, committed 21296K, reserved 1067008K
  class space    used 2899K, capacity 2932K, committed 2944K, reserved 1048576K
Event: 4.631 GC heap after
Heap after GC invocations=1 (full 0):
 PSYoungGen      total 305664K, used 9160K [0x00000000eab00000, 0x0000000100000000, 0x0000000100000000)
  eden space 262144K, 0% used [0x00000000eab00000,0x00000000eab00000,0x00000000fab00000)
  from space 43520K, 21% used [0x00000000fab00000,0x00000000fb3f2350,0x00000000fd580000)
  to   space 43520K, 0% used [0x00000000fd580000,0x00000000fd580000,0x0000000100000000)
 ParOldGen       total 699392K, used 80K [0x00000000c0000000, 0x00000000eab00000, 0x00000000eab00000)
  object space 699392K, 0% used [0x00000000c0000000,0x00000000c0014010,0x00000000eab00000)
 Metaspace       used 21124K, capacity 21220K, committed 21296K, reserved 1067008K
  class space    used 2899K, capacity 2932K, committed 2944K, reserved 1048576K
}
Event: 4.631 GC heap before
{Heap before GC invocations=2 (full 1):
 PSYoungGen      total 305664K, used 9160K [0x00000000eab00000, 0x0000000100000000, 0x0000000100000000)
  eden space 262144K, 0% used [0x00000000eab00000,0x00000000eab00000,0x00000000fab00000)
  from space 43520K, 21% used [0x00000000fab00000,0x00000000fb3f2350,0x00000000fd580000)
  to   space 43520K, 0% used [0x00000000fd580000,0x00000000fd580000,0x0000000100000000)
 ParOldGen       total 699392K, used 80K [0x00000000c0000000, 0x00000000eab00000, 0x00000000eab00000)
  object space 699392K, 0% used [0x00000000c0000000,0x00000000c0014010,0x00000000eab00000)
 Metaspace       used 21124K, capacity 21220K, committed 21296K, reserved 1067008K
  class space    used 2899K, capacity 2932K, committed 2944K, reserved 1048576K
Event: 4.658 GC heap after
Heap after GC invocations=2 (full 1):
 PSYoungGen      total 305664K, used 0K [0x00000000eab00000, 0x0000000100000000, 0x0000000100000000)
  eden space 262144K, 0% used [0x00000000eab00000,0x00000000eab00000,0x00000000fab00000)
  from space 43520K, 0% used [0x00000000fab00000,0x00000000fab00000,0x00000000fd580000)
  to   space 43520K, 0% used [0x00000000fd580000,0x00000000fd580000,0x0000000100000000)
 ParOldGen       total 699392K, used 8902K [0x00000000c0000000, 0x00000000eab00000, 0x00000000eab00000)
  object space 699392K, 1% used [0x00000000c0000000,0x00000000c08b19b8,0x00000000eab00000)
 Metaspace       used 21124K, capacity 21220K, committed 21296K, reserved 1067008K
  class space    used 2899K, capacity 2932K, committed 2944K, reserved 1048576K
}
Event: 7.426 GC heap before
{Heap before GC invocations=3 (full 1):
 PSYoungGen      total 305664K, used 262144K [0x00000000eab00000, 0x0000000100000000, 0x0000000100000000)
  eden space 262144K, 100% used [0x00000000eab00000,0x00000000fab00000,0x00000000fab00000)
  from space 43520K, 0% used [0x00000000fab00000,0x00000000fab00000,0x00000000fd580000)
  to   space 43520K, 0% used [0x00000000fd580000,0x00000000fd580000,0x0000000100000000)
 ParOldGen       total 699392K, used 8902K [0x00000000c0000000, 0x00000000eab00000, 0x00000000eab00000)
  object space 699392K, 1% used [0x00000000c0000000,0x00000000c08b19b8,0x00000000eab00000)
 Metaspace       used 27995K, capacity 28170K, committed 28416K, reserved 1073152K
  class space    used 3793K, capacity 3839K, committed 3840K, reserved 1048576K
Event: 7.445 GC heap after
Heap after GC invocations=3 (full 1):
 PSYoungGen      total 305664K, used 27505K [0x00000000eab00000, 0x0000000100000000, 0x0000000100000000)
  eden space 262144K, 0% used [0x00000000eab00000,0x00000000eab00000,0x00000000fab00000)
  from space 43520K, 63% used [0x00000000fd580000,0x00000000ff05c4f0,0x0000000100000000)
  to   space 43520K, 0% used [0x00000000fab00000,0x00000000fab00000,0x00000000fd580000)
 ParOldGen       total 699392K, used 8910K [0x00000000c0000000, 0x00000000eab00000, 0x00000000eab00000)
  object space 699392K, 1% used [0x00000000c0000000,0x00000000c08b39b8,0x00000000eab00000)
 Metaspace       used 27995K, capacity 28170K, committed 28416K, reserved 1073152K
  class space    used 3793K, capacity 3839K, committed 3840K, reserved 1048576K
}

